[    0.000000] Initializing cgroup subsys cpuset
[    0.000000] Initializing cgroup subsys cpu
[    0.000000] Initializing cgroup subsys cpuacct
[    0.000000] Linux version 4.4.0-138-generic (buildd@lcy01-amd64-006) (gcc version 5.4.0 20160609 (Ubuntu 5.4.0-6ubuntu1~16.04.10) ) #164-Ubuntu SMP Tue Oct 2 17:16:02 UTC 2018 (Ubuntu 4.4.0-138.164-generic 4.4.155)
[    0.000000] Command line: BOOT_IMAGE=/boot/vmlinuz-4.4.0-138-generic root=LABEL=cloudimg-rootfs ro console=tty1 console=ttyS0
[    0.000000] KERNEL supported cpus:
[    0.000000]   Intel GenuineIntel
[    0.000000]   AMD AuthenticAMD
[    0.000000]   Centaur CentaurHauls
[    0.000000] x86/fpu: Legacy x87 FPU detected.
[    0.000000] e820: BIOS-provided physical RAM map:
[    0.000000] BIOS-e820: [mem 0x0000000000000000-0x000000000009fbff] usable
[    0.000000] BIOS-e820: [mem 0x000000000009fc00-0x000000000009ffff] reserved
[    0.000000] BIOS-e820: [mem 0x00000000000f0000-0x00000000000fffff] reserved
[    0.000000] BIOS-e820: [mem 0x0000000000100000-0x000000003ffeffff] usable
[    0.000000] BIOS-e820: [mem 0x000000003fff0000-0x000000003fffffff] ACPI data
[    0.000000] BIOS-e820: [mem 0x00000000fec00000-0x00000000fec00fff] reserved
[    0.000000] BIOS-e820: [mem 0x00000000fee00000-0x00000000fee00fff] reserved
[    0.000000] BIOS-e820: [mem 0x00000000fffc0000-0x00000000ffffffff] reserved
[    0.000000] NX (Execute Disable) protection: active
[    0.000000] SMBIOS 2.5 present.
[    0.000000] Hypervisor detected: KVM
[    0.000000] e820: last_pfn = 0x3fff0 max_arch_pfn = 0x400000000
[    0.000000] MTRR: Disabled
[    0.000000] x86/PAT: MTRRs disabled, skipping PAT initialization too.
[    0.000000] CPU MTRRs all blank - virtualized system.
[    0.000000] x86/PAT: Configuration [0-7]: WB  WT  UC- UC  WB  WT  UC- UC  
[    0.000000] found SMP MP-table at [mem 0x0009fff0-0x0009ffff] mapped at [ffff88000009fff0]
[    0.000000] Scanning 1 areas for low memory corruption
[    0.000000] RAMDISK: [mem 0x3630a000-0x3717cfff]
[    0.000000] ACPI: Early table checksum verification disabled
[    0.000000] ACPI: RSDP 0x00000000000E0000 000024 (v02 VBOX  )
[    0.000000] ACPI: XSDT 0x000000003FFF0030 00003C (v01 VBOX   VBOXXSDT 00000001 ASL  00000061)
[    0.000000] ACPI: FACP 0x000000003FFF00F0 0000F4 (v04 VBOX   VBOXFACP 00000001 ASL  00000061)
[    0.000000] ACPI: DSDT 0x000000003FFF0470 0021C8 (v02 VBOX   VBOXBIOS 00000002 INTL 20100528)
[    0.000000] ACPI: FACS 0x000000003FFF0200 000040
[    0.000000] ACPI: FACS 0x000000003FFF0200 000040
[    0.000000] ACPI: APIC 0x000000003FFF0240 00005C (v02 VBOX   VBOXAPIC 00000001 ASL  00000061)
[    0.000000] ACPI: SSDT 0x000000003FFF02A0 0001CC (v01 VBOX   VBOXCPUT 00000002 INTL 20100528)
[    0.000000] No NUMA configuration found
[    0.000000] Faking a node at [mem 0x0000000000000000-0x000000003ffeffff]
[    0.000000] NODE_DATA(0) allocated [mem 0x3ffeb000-0x3ffeffff]
[    0.000000] kvm-clock: Using msrs 4b564d01 and 4b564d00
[    0.000000] kvm-clock: cpu 0, msr 0:3ffe3001, primary cpu clock
[    0.000000] kvm-clock: using sched offset of 5655976369 cycles
[    0.000000] clocksource: kvm-clock: mask: 0xffffffffffffffff max_cycles: 0x1cd42e4dffb, max_idle_ns: 881590591483 ns
[    0.000000] Zone ranges:
[    0.000000]   DMA      [mem 0x0000000000001000-0x0000000000ffffff]
[    0.000000]   DMA32    [mem 0x0000000001000000-0x000000003ffeffff]
[    0.000000]   Normal   empty
[    0.000000]   Device   empty
[    0.000000] Movable zone start for each node
[    0.000000] Early memory node ranges
[    0.000000]   node   0: [mem 0x0000000000001000-0x000000000009efff]
[    0.000000]   node   0: [mem 0x0000000000100000-0x000000003ffeffff]
[    0.000000] Initmem setup node 0 [mem 0x0000000000001000-0x000000003ffeffff]
[    0.000000] ACPI: PM-Timer IO Port: 0x4008
[    0.000000] IOAPIC[0]: apic_id 2, version 32, address 0xfec00000, GSI 0-23
[    0.000000] ACPI: INT_SRC_OVR (bus 0 bus_irq 0 global_irq 2 dfl dfl)
[    0.000000] ACPI: INT_SRC_OVR (bus 0 bus_irq 9 global_irq 9 high level)
[    0.000000] Using ACPI (MADT) for SMP configuration information
[    0.000000] smpboot: Allowing 2 CPUs, 0 hotplug CPUs
[    0.000000] PM: Registered nosave memory: [mem 0x00000000-0x00000fff]
[    0.000000] PM: Registered nosave memory: [mem 0x0009f000-0x0009ffff]
[    0.000000] PM: Registered nosave memory: [mem 0x000a0000-0x000effff]
[    0.000000] PM: Registered nosave memory: [mem 0x000f0000-0x000fffff]
[    0.000000] e820: [mem 0x40000000-0xfebfffff] available for PCI devices
[    0.000000] Booting paravirtualized kernel on KVM
[    0.000000] clocksource: refined-jiffies: mask: 0xffffffff max_cycles: 0xffffffff, max_idle_ns: 7645519600211568 ns
[    0.000000] setup_percpu: NR_CPUS:512 nr_cpumask_bits:512 nr_cpu_ids:2 nr_node_ids:1
[    0.000000] PERCPU: Embedded 34 pages/cpu @ffff88003fc00000 s99608 r8192 d31464 u1048576
[    0.000000] PV qspinlock hash table entries: 256 (order: 0, 4096 bytes)
[    0.000000] Built 1 zonelists in Node order, mobility grouping on.  Total pages: 257912
[    0.000000] Policy zone: DMA32
[    0.000000] Kernel command line: BOOT_IMAGE=/boot/vmlinuz-4.4.0-138-generic root=LABEL=cloudimg-rootfs ro console=tty1 console=ttyS0
[    0.000000] PID hash table entries: 4096 (order: 3, 32768 bytes)
[    0.000000] Memory: 997708K/1048120K available (8563K kernel code, 1314K rwdata, 4004K rodata, 1528K init, 1316K bss, 50412K reserved, 0K cma-reserved)
[    0.000000] SLUB: HWalign=64, Order=0-3, MinObjects=0, CPUs=2, Nodes=1
[    0.000000] Kernel/User page tables isolation: enabled
[    0.000000] Hierarchical RCU implementation.
[    0.000000] 	Build-time adjustment of leaf fanout to 64.
[    0.000000] 	RCU restricting CPUs from NR_CPUS=512 to nr_cpu_ids=2.
[    0.000000] RCU: Adjusting geometry for rcu_fanout_leaf=64, nr_cpu_ids=2
[    0.000000] NR_IRQS:33024 nr_irqs:440 16
[    0.000000] Console: colour VGA+ 80x25
[    0.000000] console [tty1] enabled
[    0.000000] console [ttyS0] enabled
[    0.000000] tsc: Detected 2327.444 MHz processor
[    0.661620] Calibrating delay loop (skipped) preset value.. 4654.88 BogoMIPS (lpj=9309776)
[    0.667528] pid_max: default: 32768 minimum: 301
[    0.675021] ACPI: Core revision 20150930
[    0.680076] ACPI: 2 ACPI AML tables successfully acquired and loaded
[    0.685095] Security Framework initialized
[    0.692420] Yama: becoming mindful.
[    0.696334] AppArmor: AppArmor initialized
[    0.701109] Dentry cache hash table entries: 131072 (order: 8, 1048576 bytes)
[    0.708106] Inode-cache hash table entries: 65536 (order: 7, 524288 bytes)
[    0.712678] Mount-cache hash table entries: 2048 (order: 2, 16384 bytes)
[    0.740204] Mountpoint-cache hash table entries: 2048 (order: 2, 16384 bytes)
[    0.747506] Initializing cgroup subsys io
[    0.750560] Initializing cgroup subsys memory
[    0.756767] Initializing cgroup subsys devices
[    0.759211] Initializing cgroup subsys freezer
[    0.764174] Initializing cgroup subsys net_cls
[    0.766479] Initializing cgroup subsys perf_event
[    0.768897] Initializing cgroup subsys net_prio
[    0.771284] Initializing cgroup subsys hugetlb
[    0.773534] Initializing cgroup subsys pids
[    0.775895] mce: CPU supports 0 MCE banks
[    0.784027] Last level iTLB entries: 4KB 128, 2MB 4, 4MB 4
[    0.799726] Last level dTLB entries: 4KB 256, 2MB 0, 4MB 32, 1GB 0
[    0.808602] Spectre V2 : Mitigation: Full generic retpoline
[    0.820692] Spectre V2 : Spectre v2 mitigation: Speculation control IBPB not-supported IBRS not-supported
[    0.830975] Spectre V2 : Spectre v2 / SpectreRSB mitigation: Filling RSB on context switch
[    0.838209] Speculative Store Bypass: Vulnerable
[    0.853062] Freeing SMP alternatives memory: 32K
[    0.881300] ftrace: allocating 32278 entries in 127 pages
[    1.004420] smpboot: APIC(0) Converting physical 0 to logical package 0
[    1.013403] smpboot: Max logical packages: 1
[    1.016554] x2apic enabled
[    1.019080] Switched APIC routing to physical x2apic.
[    1.025343] ..TIMER: vector=0x30 apic1=0 pin1=2 apic2=-1 pin2=-1
[    1.208585] APIC calibration not consistent with PM-Timer: 159ms instead of 100ms
[    1.217157] APIC delta adjusted to PM-Timer: 6252187 (9994219)
[    1.221232] smpboot: CPU0: Intel(R) Core(TM)2 Duo CPU     E6550  @ 2.33GHz (family: 0x6, model: 0xf, stepping: 0xb)
[    1.228561] Performance Events: unsupported p6 CPU model 15 no PMU driver, software events only.
[    1.238660] KVM setup paravirtual spinlock
[    1.244335] x86: Booting SMP configuration:
[    1.247241] .... node  #0, CPUs:      #1
[    1.309978] kvm-clock: cpu 1, msr 0:3ffe3041, secondary cpu clock
[    1.313190] mce: CPU supports 0 MCE banks
[    1.472500] x86: Booted up 1 node, 2 CPUs
[    1.476260] smpboot: Total of 2 processors activated (9309.77 BogoMIPS)
[    1.481775] devtmpfs: initialized
[    1.488238] evm: security.selinux
[    1.491207] evm: security.SMACK64
[    1.494217] evm: security.SMACK64EXEC
[    1.497071] evm: security.SMACK64TRANSMUTE
[    1.499910] evm: security.SMACK64MMAP
[    1.502675] evm: security.ima
[    1.505091] evm: security.capability
[    1.508291] clocksource: jiffies: mask: 0xffffffff max_cycles: 0xffffffff, max_idle_ns: 7645041785100000 ns
[    1.514901] futex hash table entries: 512 (order: 3, 32768 bytes)
[    1.519647] pinctrl core: initialized pinctrl subsystem
[    1.523424] RTC time:  0:28:00, date: 10/30/18
[    1.528236] NET: Registered protocol family 16
[    1.537148] cpuidle: using governor ladder
[    1.566887] cpuidle: using governor menu
[    1.574655] PCCT header not found.
[    1.580455] ACPI: bus type PCI registered
[    1.583676] acpiphp: ACPI Hot Plug PCI Controller Driver version: 0.5
[   1.589466] PCI: Using configuration type 1 for base access
[    1.690824] ACPI: Added _OSI(Module Device)
[    1.704885] ACPI: Added _OSI(Processor Device)
[    1.722489] ACPI: Added _OSI(3.0 _SCP Extensions)
[    1.725702] ACPI: Added _OSI(Processor Aggregator Device)
[    1.732039] ACPI: Executed 1 blocks of module-level executable AML code
[    1.741778] ACPI: Interpreter enabled
[    1.744539] ACPI: (supports S0 S5)
[    1.747940] ACPI: Using IOAPIC for interrupt routing
[    1.760196] PCI: Using host bridge windows from ACPI; if necessary, use "pci=nocrs" and report a bug
[    1.774580] ACPI: PCI Root Bridge [PCI0] (domain 0000 [bus 00-ff])
[    1.779079] acpi PNP0A03:00: _OSC: OS supports [ASPM ClockPM Segments MSI]
[    1.785037] acpi PNP0A03:00: _OSC failed (AE_NOT_FOUND); disabling ASPM
[    1.790636] acpi PNP0A03:00: fail to add MMCONFIG information, can't access extended PCI configuration space under this bridge.
[    1.801968] PCI host bridge to bus 0000:00
[    1.804920] pci_bus 0000:00: root bus resource [io  0x0000-0x0cf7 window]
[    1.809779] pci_bus 0000:00: root bus resource [io  0x0d00-0xffff window]
[    1.820101] pci_bus 0000:00: root bus resource [mem 0x000a0000-0x000bffff window]
[    1.831486] pci_bus 0000:00: root bus resource [mem 0x40000000-0xffdfffff window]
[    1.839581] pci_bus 0000:00: root bus resource [bus 00-ff]
[    1.847370] pci 0000:00:01.1: legacy IDE quirk: reg 0x10: [io  0x01f0-0x01f7]
[    1.855399] pci 0000:00:01.1: legacy IDE quirk: reg 0x14: [io  0x03f6]
[    1.862428] pci 0000:00:01.1: legacy IDE quirk: reg 0x18: [io  0x0170-0x0177]
[    1.870391] pci 0000:00:01.1: legacy IDE quirk: reg 0x1c: [io  0x0376]
[    1.948704] pci 0000:00:07.0: quirk: [io  0x4000-0x403f] claimed by PIIX4 ACPI
[    1.958702] pci 0000:00:07.0: quirk: [io  0x4100-0x410f] claimed by PIIX4 SMB
[    1.987865] ACPI: PCI Interrupt Link [LNKA] (IRQs 5 9 10 *11)
[    2.029707] ACPI: PCI Interrupt Link [LNKB] (IRQs 5 9 10 *11)
[    2.035175] ACPI: PCI Interrupt Link [LNKC] (IRQs 5 9 *10 11)
[    2.039927] ACPI: PCI Interrupt Link [LNKD] (IRQs 5 *9 10 11)
[    2.045073] ACPI: Enabled 2 GPEs in block 00 to 07
[    2.051242] vgaarb: setting as boot device: PCI:0000:00:02.0
[    2.103358] vgaarb: device added: PCI:0000:00:02.0,decodes=io+mem,owns=io+mem,locks=none
[    2.134681] vgaarb: loaded
[    2.136819] vgaarb: bridge control possible 0000:00:02.0
[    2.142352] SCSI subsystem initialized
[    2.146382] ACPI: bus type USB registered
[    2.152697] usbcore: registered new interface driver usbfs
[    2.159897] usbcore: registered new interface driver hub
[    2.165813] usbcore: registered new device driver usb
[    2.172288] PCI: Using ACPI for IRQ routing
[    2.177568] NetLabel: Initializing
[    2.181634] NetLabel:  domain hash size = 128
[    2.205806] NetLabel:  protocols = UNLABELED CIPSOv4
[    2.212261] NetLabel:  unlabeled traffic allowed by default
[    2.216916] amd_nb: Cannot enumerate AMD northbridges
[    2.268066] clocksource: Switched to clocksource kvm-clock
[    2.293453] AppArmor: AppArmor Filesystem Enabled
[    2.296956] pnp: PnP ACPI init
[    2.300837] pnp: PnP ACPI: found 3 devices
[    2.321019] clocksource: acpi_pm: mask: 0xffffff max_cycles: 0xffffff, max_idle_ns: 2085701024 ns
[    2.327147] NET: Registered protocol family 2
[    2.331039] TCP established hash table entries: 8192 (order: 4, 65536 bytes)
[    2.335524] TCP bind hash table entries: 8192 (order: 5, 131072 bytes)
[    2.339600] TCP: Hash tables configured (established 8192 bind 8192)
[    2.345648] UDP hash table entries: 512 (order: 2, 16384 bytes)
[    2.349738] UDP-Lite hash table entries: 512 (order: 2, 16384 bytes)
[    2.354006] NET: Registered protocol family 1
[    2.357042] pci 0000:00:00.0: Limiting direct PCI/PCI transfers
[    2.360885] pci 0000:00:01.0: Activating ISA DMA hang workarounds
[    2.365160] Unpacking initramfs...
[   .746041] Freeing initrd memory: 14796K
[    2.849652] platform rtc_cmos: registered platform RTC device (no PNP device found)
[    2.856507] Scanning for low memory corruption every 60 seconds
[    2.861239] audit: initializing netlink subsys (disabled)
[    2.868477] audit: type=2000 audit(1540859286.860:1): initialized
[    2.880476] Initialise system trusted keyring
[    2.885560] HugeTLB registered 2 MB page size, pre-allocated 0 pages
[    2.894850] zbud: loaded
[    2.908826] VFS: Disk quotas dquot_6.6.0
[    2.917510] VFS: Dquot-cache hash table entries: 512 (order 0, 4096 bytes)
[    2.924690] squashfs: version 4.0 (2009/01/31) Phillip Lougher
[    2.935338] fuse init (API version 7.23)
[    2.939071] Key type big_key registered
[    2.941301] Allocating IMA MOK and blacklist keyrings.
[    2.945488] Key type asymmetric registered
[    2.956914] Asymmetric key parser 'x509' registered
[    2.960526] Block layer SCSI generic (bsg) driver version 0.4 loaded (major 249)
[    2.966525] io scheduler noop registered
[    2.969624] io scheduler deadline registered (default)
[    2.997458] io scheduler cfq registered
[    3.001146] pci_hotplug: PCI Hot Plug PCI Core version: 0.5
[    3.006618] pciehp: PCI Express Hot Plug Controller Driver version: 0.4
[    3.017070] ACPI: AC Adapter [AC] (on-line)
[    3.020706] input: Power Button as /devices/LNXSYSTM:00/LNXPWRBN:00/input/input0
[    3.028135] ACPI: Power Button [PWRF]
[    3.036430] input: Sleep Button as /devices/LNXSYSTM:00/LNXSLPBN:00/input/input1
[    3.043665] ACPI: Sleep Button [SLPF]
[    3.060022] GHES: HEST is not enabled!
[    3.071503] Serial: 8250/16550 driver, 32 ports, IRQ sharing enabled
[    3.100513] 00:02: ttyS0 at I/O 0x3f8 (irq = 4, base_baud = 115200) is a 16550A
[    3.112562] Linux agpgart interface v0.103
[    3.120020] loop: module loaded
[    3.129454] scsi host0: ata_piix
[    3.140077] scsi host1: ata_piix
[    3.148201] ata1: PATA max UDMA/33 cmd 0x1f0 ctl 0x3f6 bmdma 0xd000 irq 14
[    3.151268] ata2: PATA max UDMA/33 cmd 0x170 ctl 0x376 bmdma 0xd008 irq 15
[    3.154501] libphy: Fixed MDIO Bus: probed
[    3.158004] tun: Universal TUN/TAP device driver, 1.6
[    3.166256] tun: (C) 1999-2004 Max Krasnyansky <maxk@qualcomm.com>
[    3.169157] PPP generic driver version 2.4.2
[    3.172637] ehci_hcd: USB 2.0 'Enhanced' Host Controller (EHCI) Driver
[    3.180044] ehci-pci: EHCI PCI platform driver
[    3.182426] ehci-platform: EHCI generic platform driver
[    3.184908] ohci_hcd: USB 1.1 'Open' Host Controller (OHCI) Driver
[    3.193422] ohci-pci: OHCI PCI platform driver
[    3.199557] ohci-platform: OHCI generic platform driver
[    3.203544] uhci_hcd: USB Universal Host Controller Interface driver
[    3.207989] i8042: PNP: PS/2 Controller [PNP0303:PS2K,PNP0f03:PS2M] at 0x60,0x64 irq 1,12
[    3.223740] serio: i8042 KBD port at 0x60,0x64 irq 1
[    3.236105] serio: i8042 AUX port at 0x60,0x64 irq 12
[    3.241567] mousedev: PS/2 mouse device common for all mice
[    3.256358] input: AT Translated Set 2 keyboard as /devices/platform/i8042/serio0/input/input2
[    3.265602] rtc_cmos rtc_cmos: rtc core: registered rtc_cmos as rtc0
[    3.276349] rtc_cmos rtc_cmos: alarms up to one day, 114 bytes nvram
[    3.279804] i2c /dev entries driver
[    3.284902] device-mapper: uevent: version 1.0.3
[    3.290153] device-mapper: ioctl: 4.34.0-ioctl (2015-10-28) initialised: dm-devel@redhat.com
[    3.295693] ledtrig-cpu: registered to indicate activity on CPUs
[    3.301326] NET: Registered protocol family 10
[    3.306925] NET: Registered protocol family 17
[    3.310861] Key type dns_resolver registered
[    3.314307] registered taskstats version 1
[    3.319809] Loading compiled-in X.509 certificates
[    3.327559] Loaded X.509 cert 'Build time autogenerated kernel key: 9a104bc44b81e9426fe5c715e47d021d02d69eba'
[    3.339439] zswap: loaded using pool lzo/zbud
[    3.364888] Key type trusted registered
[    3.410534] Key type encrypted registered
[    3.412784] AppArmor: AppArmor sha1 policy hashing enabled
[    3.417497] ima: No TPM chip found, activating TPM-bypass!
[    3.427286] ima: Allocated hash algorithm: sha1
[    3.431493] evm: HMAC attrs: 0x1
[    3.436967]   Magic number: 6:203:457
[    3.441402] rtc_cmos rtc_cmos: setting system clock to 2018-10-30 00:28:02 UTC (1540859282)
[    3.446059] BIOS EDD facility v0.16 2004-Jun-25, 0 devices found
[    3.450155] EDD information not available.
[    3.465049] Freeing unused kernel memory: 1528K
[    3.493426] Write protecting the kernel read-only data: 14336k
[    3.519282] Freeing unused kernel memory: 1664K
[    3.523006] Freeing unused kernel memory: 92K
Loading, please wait...
starting version 229
[    3.784502] random: systemd-udevd: uninitialized urandom read (16 bytes read, 3 bits of entropy available)
[    3.793051] random: systemd-udevd: uninitialized urandom read (16 bytes read, 3 bits of entropy available)
[    3.795503] random: udevadm: uninitialized urandom read (16 bytes read, 3 bits of entropy available)
[    3.795812] random: udevadm: uninitialized urandom read (16 bytes read, 3 bits of entropy available)
[    3.813410] random: systemd-udevd: uninitialized urandom read (16 bytes read, 3 bits of entropy available)
[    3.820674] random: systemd-udevd: uninitialized urandom read (16 bytes read, 3 bits of entropy available)
[    3.885216] random: systemd-udevd: uninitialized urandom read (16 bytes read, 3 bits of entropy available)
[    3.891922] random: systemd-udevd: uninitialized urandom read (16 bytes read, 3 bits of entropy available)
[    3.898694] random: systemd-udevd: uninitialized urandom read (16 bytes read, 3 bits of entropy available)
[    3.910874] random: systemd-udevd: uninitialized urandom read (16 bytes read, 3 bits of entropy available)
[    4.511942] e1000: Intel(R) PRO/1000 Network Driver - version 7.3.21-k8-NAPI
[    4.516978] e1000: Copyright (c) 1999-2006 Intel Corporation.
[    4.529454] Fusion MPT base driver 3.04.20
[    4.532471] Copyright (c) 1999-2008 LSI Corporation
[    4.679956] Fusion MPT SPI Host driver 3.04.20
[    4.866990] input: ImExPS/2 Generic Explorer Mouse as /devices/platform/i8042/serio1/input/input4
[    5.276317] e1000 0000:00:03.0 eth0: (PCI:33MHz:32-bit) 02:9f:4a:0a:1b:63
[    5.322163] e1000 0000:00:03.0 eth0: Intel(R) PRO/1000 Network Connection
[    5.357409] mptbase: ioc0: Initiating bringup
[    5.367974] e1000 0000:00:03.0 enp0s3: renamed from eth0
[    5.424794] ioc0: LSI53C1030 A0: Capabilities={Initiator}
[    5.591172] scsi host2: ioc0: LSI53C1030 A0, FwRev=00000000h, Ports=1, MaxQ=256, IRQ=20
[    5.710574] scsi 2:0:0:0: Direct-Access     VBOX     HARDDISK         1.0  PQ: 0 ANSI: 5
[    5.716582] scsi target2:0:0: Beginning Domain Validation
[    5.722898] scsi target2:0:0: Domain Validation skipping write tests
[    5.726896] scsi target2:0:0: Ending Domain Validation
[    5.730475] scsi target2:0:0: asynchronous
[    5.734492] scsi 2:0:1:0: Direct-Access     VBOX     HARDDISK         1.0  PQ: 0 ANSI: 5
[    5.740044] scsi target2:0:1: Beginning Domain Validation
[    5.746021] scsi target2:0:1: Domain Validation skipping write tests
[    5.750224] scsi target2:0:1: Ending Domain Validation
[    5.753767] scsi target2:0:1: asynchronous
[    5.771548] sd 2:0:0:0: Attached scsi generic sg0 type 0
[    5.776955] sd 2:0:0:0: [sda] 20971520 512-byte logical blocks: (10.7 GB/10.0 GiB)
[    5.787388] sd 2:0:1:0: Attached scsi generic sg1 type 0
[    5.788078] sd 2:0:0:0: [sda] Write Protect is off
[    5.788244] sd 2:0:0:0: [sda] Incomplete mode parameter data
[    5.788246] sd 2:0:0:0: [sda] Assuming drive cache: write through
[    5.803079]  sda: sda1
[    5.806320] sd 2:0:1:0: [sdb] 20480 512-byte logical blocks: (10.5 MB/10.0 MiB)
[    5.872971] tsc: Refined TSC clocksource calibration: 2327.807 MHz
[    5.899721] clocksource: tsc: mask: 0xffffffffffffffff max_cycles: 0x218dd191b31, max_idle_ns: 440795270225 ns
[    5.917783] sd 2:0:1:0: [sdb] Write Protect is off
[    5.932316] sd 2:0:0:0: [sda] Attached SCSI disk
[    5.932517] sd 2:0:1:0: [sdb] Incomplete mode parameter data
[    5.932519] sd 2:0:1:0: [sdb] Assuming drive cache: write through
[    5.952719] sd 2:0:1:0: [sdb] Attached SCSI disk
Begin: Loading essential drivers ... [    9.182219] md: linear personality registered for level -1
[    9.245307] md: multipath personality registered for level -4
[    9.312490] md: raid0 personality registered for level 0
[    9.565338] md: raid1 personality registered for level 1
[    9.702897] raid6: sse2x1   gen()  4295 MB/s
[   10.149895] raid6: sse2x1   xor()  4830 MB/s
[   10.371950] raid6: sse2x2   gen()  3536 MB/s
[   10.443990] raid6: sse2x2   xor()  4312 MB/s
[   10.512121] raid6: sse2x4   gen()  6352 MB/s
[   10.580009] raid6: sse2x4   xor()  4801 MB/s
[   10.583142] raid6: using algorithm sse2x4 gen() 6352 MB/s
[   10.587129] raid6: .... xor() 4801 MB/s, rmw enabled
[   10.590521] raid6: using ssse3x2 recovery algorithm
[   10.607502] xor: measuring software checksum speed
[   10.647932]    prefetch64-sse:  8758.000 MB/sec
[   10.687922]    generic_sse:  7778.000 MB/sec
[   10.690878] xor: using function: prefetch64-sse (8758.000 MB/sec)
[   10.699999] async_tx: api initialized (async)
[   10.751078] md: raid6 personality registered for level 6
[   10.788053] md: raid5 personality registered for level 5
[   10.792171] md: raid4 personality registered for level 4
[   10.880557] md: raid10 personality registered for level 10
done.
Begin: Running /scripts/init-premount ... done.
Begin: Mounting root file system ... Begin: Running /scripts/local-top ... done.
Begin: Running /scripts/local-premount ... [   11.155158] Btrfs loaded
Scanning for Btrfs filesystems
done.
Warning: fsck not present, so skipping root file system
[   11.603140] EXT4-fs (sda1): mounted filesystem with ordered data mode. Opts: (null)
done.
Begin: Running /scripts/local-bottom ... done.
Begin: Running /scripts/init-bottom ... done.
[   12.490610] random: nonblocking pool is initialized
[   12.876181] systemd[1]: systemd 229 running in system mode. (+PAM +AUDIT +SELINUX +IMA +APPARMOR +SMACK +SYSVINIT +UTMP +LIBCRYPTSETUP +GCRYPT +GNUTLS +ACL +XZ -LZ4 +SECCOMP +BLKID +ELFUTILS +KMOD -IDN)
[   12.906075] systemd[1]: Detected virtualization oracle.
[   12.924723] systemd[1]: Detected architecture x86-64.

Welcome to [1mUbuntu 16.04.5 LTS[0m!

[   12.985094] systemd[1]: Set hostname to <ubuntu-xenial>.
[   14.480207] systemd[1]: Listening on Journal Socket (/dev/log).
[[0;32m  OK  [0m] Listening on Journal Socket (/dev/log).
[   14.495977] systemd[1]: Listening on LVM2 poll daemon socket.
[[0;32m  OK  [0m] Listening on LVM2 poll daemon socket.
[   14.501527] systemd[1]: Started Trigger resolvconf update for networkd DNS.
[[0;32m  OK  [0m] Started Trigger resolvconf update for networkd DNS.
[   14.507409] systemd[1]: Reached target Encrypted Volumes.
[[0;32m  OK  [0m] Reached target Encrypted Volumes.
[   14.512927] systemd[1]: Listening on Journal Socket.
[[0;32m  OK  [0m] Listening on Journal Socket.
[   14.522282] systemd[1]: Listening on udev Kernel Socket.
[[0;32m  OK  [0m] Listening on udev Kernel Socket.
[   14.527537] systemd[1]: Listening on Syslog Socket.
[[0;32m  OK  [0m] Listening on Syslog Socket.
[   14.535385] systemd[1]: Listening on /dev/initctl Compatibility Named Pipe.
[[0;32m  OK  [0m] Listening on /dev/initctl Compatibility Named Pipe.
[   14.541461] systemd[1]: Listening on LVM2 metadata daemon socket.
[[0;32m  OK  [0m] Listening on LVM2 metadata daemon socket.
[   14.552425] systemd[1]: Listening on Device-mapper event daemon FIFOs.
[[0;32m  OK  [0m] Listening on Device-mapper event daemon FIFOs.
[   14.563669] systemd[1]: Created slice System Slice.
[[0;32m  OK  [0m] Created slice System Slice.
[   14.593705] systemd[1]: Starting Set console keymap...
         Starting Set console keymap...
[   14.617738] systemd[1]: Mounting Debug File System...
         Mounting Debug File System...
[   14.726026] systemd[1]: Starting Create list of required static device nodes for the current kernel...
         Starting Create list of required st... nodes for the current kernel...
[   14.749900] systemd[1]: Mounting POSIX Message Queue File System...
         Mounting POSIX Message Queue File System...
[   14.891104] systemd[1]: Starting Load Kernel Modules...
         Starting Load Kernel Modules...
[   14.958538] systemd[1]: Starting Monitoring of LVM2 mirrors, snapshots etc. using dmeventd or progress polling...
         Starting Monitoring of LVM2 mirrors... dmeventd or progress polling...
[   15.012961] systemd[1]: Mounting Huge Pages File System...
         Mounting Huge Pages File System...
[   15.073062] systemd[1]: Reached target Swap.
[[0;32m  OK  [[   15.098447] Loading iSCSI transport class v2.0-870.
0m] Reached target Swap.
[   15.164285] systemd[1]: Set up automount Arbitrary Executable File Formats File System Automount Point.
[[0;32m  OK  [0m] Set up automount Arbitrary Executab...ats File System Automount Point.
[   15.175660] systemd[1]: Reached target System Time Synchronized.
[[0;32m  OK  [0m] Reached target System Time Synchronized.
[   15.187660] iscsi: registered transport (tcp)
[   15.236776] systemd[1]: Starting Remount Root and Kernel File Systems...
         Starting Remount Root and Kernel File Systems...
[   15.258614] systemd[1]: Reached target User and Group Name Lookups.
[[0;32m  OK  [0m] Reached target User and Group[   15.329759] EXT4-fs (sda1): re-mounted. Opts: (null)
 Name Lookups.
[   15.351167] systemd[1]: Started Forward Password Requests to Wall Directory Watch.
[[0;32m  OK  [0m] Started Forward Password Requests to Wall Directory Watch.
[   15.364137] systemd[1]: Created slice system-serial\x2dgetty.slice.
[[0;32m  OK  [0m] Created slice system-serial\x2dgetty.slice.
[   15.409771] systemd[1]: Created slice User and Session Slice.
[[0;32m  OK  [0m] Created slice User and Sessi[   15.497634] iscsi: registered transport (iser)
on Slice.
[   15.548794] systemd[1]: Reached target Slices.
[[0;32m  OK  [0m] Reached target Slices.
[   15.667988] systemd[1]: Starting Uncomplicated firewall...
         Starting Uncomplicated firewall...
[   15.740566] systemd[1]: Starting Nameserver information manager...
         Starting Nameserver information manager...
[   15.782063] systemd[1]: Listening on udev Control Socket.
[[0;32m  OK  [0m] Listening on udev Control Socket.
[   15.813594] systemd[1]: Listening on Journal Audit Socket.
[[0;32m  OK  [0m] Listening on Journal Audit Socket.
[   15.849339] systemd[1]: Starting Journal Service...
         Starting Journal Service...
[   15.914712] systemd[1]: Mounted Huge Pages File System.
[[0;32m  OK  [0m] Mounted Huge Pages File System.
[   15.952320] systemd[1]: Mounted POSIX Message Queue File System.
[[0;32m  OK  [0m] Mounted POSIX Message Queue File System.
[   15.984473] systemd[1]: Mounted Debug File System.
[[0;32m  OK  [0m] Mounted Debug File System.
[   16.034751] systemd[1]: Started Set console keymap.
[[0;32m  OK  [0m] Started Set console keymap.
[   16.110747] systemd[1]: Started Create list of required static device nodes for the current kernel.
[[0;32m  OK  [0m] Started Create list of required sta...ce nodes for the current kernel.
[   16.150955] systemd[1]: Started Load Kernel Modules.
[[0;32m  OK  [0m] Started Load Kernel Modules.
[   16.193747] systemd[1]: Started Remount Root and Kernel File Systems.
[[0;32m  OK  [0m] Started Remount Root and Kernel File Systems.
[   16.231730] systemd[1]: Started Uncomplicated firewall.
[[0;32m  OK  [0m] Started Uncomplicated firewall.
[   16.296241] systemd[1]: Started Journal Service.
[[0;32m  OK  [0m] Started Journal Service.
[[0;32m  OK  [0m] Started Nameserver information manager.
[[0;32m  OK  [0m] Started LVM2 metadata daemon.
         Starting Load/Save Random Seed...
         Starting udev Coldplug all Devices...
         Starting Flush Journal to Persistent Storage...
         Starting Apply Kernel Variables...
         Mounting FUSE Control File System...
         Starting Create Static Device Nodes in /dev...
[[0;32m  OK  [0m] Mounted FUSE Control File System.
[[0;32m  OK  [0m] Started Monitoring of LVM2 mirrors,...ng dmeventd or progress polling.
[[0;32m  OK  [0m] Started Load/Save Random Seed.
[[0;32m  OK  [0m] Started Apply Kernel Variables.
[[0;32m  OK  [0m] Started Create Static Device Nodes in /dev.
[[0;32m  OK  [0m] Started Flush Journal to Persistent Storage.
[[0;32m  OK  [0m] Started udev Coldplug all Devices.
         Starting udev Kernel Device Manager...
[[0;32m  OK  [0m] Started udev Kernel Device Manager.
[[0;32m  OK  [0m] Reached target Local File Systems (Pre).
[[0;32m  OK  [0m] Reached target Local File Systems.
         Starting Tell Plymouth To Write Out Runtime Data...
         Starting Set console font and keymap...
         Starting LSB: AppArmor initialization...
         Starting Create Volatile Files and Directories...
         Starting Initial cloud-init job (pre-networking)...
[[0;32m  OK  [0m] Started Dispatch Password Requests to Console Directory Watch.
[[0;32m  OK  [0m] Started Tell Plymouth To Write Out Runtime Data.
[[0;32m  OK  [0m] Started Create Volatile Files and Directories.
[[0;32m  OK  [0m] Found device /dev/ttyS0.
         Starting Update UTMP about System Boot/Shutdown...
[[0;32m  OK  [0m] Started Update UTMP about System Boot/Shutdown.
[[0;32m  OK  [0m] Listening on Load/Save RF Kill Switch Status /dev/rfkill Watch.
[[0;32m  OK  [0m] Found device 82540EM Gigabit Ethern...r (PRO/1000 MT Desktop Adapter).
[[0;32m  OK  [0m] Started LSB: AppArmor initialization.
[[0;32m  OK  [0m] Started Set console font and keymap.
[[0;32m  OK  [0m] Created slice system-getty.slice.
[   25.991659] cloud-init[490]: Cloud-init v. 18.3-9-g2e62cb8a-0ubuntu1~16.04.2 running 'init-local' at Tue, 30 Oct 2018 00:28:24 +0000. Up 23.86 seconds.
[[0;32m  OK  [0m] Started Initial cloud-init job (pre-networking).
[[0;32m  OK  [0m] Reached target Network (Pre).
[[0;32m  OK  [0m] Started ifup for enp0s3.
         Starting Raise network interfaces...
[[0;32m  OK  [0m] Started Raise network interfaces.
         Starting Initial cloud-init job (metadata service crawler)...
[[0;32m  OK  [0m] Reached target Network.
[   32.026852] cloud-init[956]: Cloud-init v. 18.3-9-g2e62cb8a-0ubuntu1~16.04.2 running 'init' at Tue, 30 Oct 2018 00:28:30 +0000. Up 30.04 seconds.
[   32.119694] cloud-init[956]: ci-info: ++++++++++++++++++++++++++++++++++++++Net device info++++++++++++++++++++++++++++++++++++++
[   32.181786] cloud-init[956]: ci-info: +--------+------+----------------------------+---------------+--------+-------------------+
[   32.290087] cloud-init[956]: ci-info: | Device |  Up  |          Address           |      Mask     | Scope  |     Hw-Address    |
[   32.349801] cloud-init[956]: ci-info: +--------+------+----------------------------+---------------+--------+-------------------+
[[0;32m  OK  [0m] Started Initial cloud-init job (metadata service crawler).
[   32.351424] cloud-init[956]: ci-info: | enp0s3 | True |         10.0.2.15          | 255.255.255.0 | global | 02:9f:4a:0a:1b:63 |
[   32.401386] cloud-init[956]: ci-info: | enp0s3 | True | fe80::9f:4aff:fe0a:1b63/64 |       .       |  link  | 02:9f:4a:0a:1b:63 |
[   32.407177] cloud-init[956]: ci-info: |   lo   | True |         127.0.0.1          |   255.0.0.0   |  host  |         .         |
[[0;32m  OK  [0m] Reached target Cloud-config availability.
[   32.408142] cloud-init[956]: ci-info: |   lo   | True |          ::1/128           |       .       |  host  |         .         |
[[0;32m  OK  [0m] Reached target Network is Online.
[   32.444192] cloud-init[956]: ci-info: +--------+------+----------------------------+---------------+--------+-------------------+
         Starting iSCSI initiator daemon (iscsid)...
[   32.540374] cloud-init[956]: ci-info: +++++++++++++++++++++++++++Route IPv4 info++++++++++++++++++++++++++++
[   32.660385] cloud-init[956]: ci-info: +-------+-------------+----------+---------------+-----------+-------+
[[0;32m  OK  [0m] Reached target System Initialization.
[   32.661211] cloud-init[956]: ci-info: | Route | Destination | Gateway  |    Genmask    | Interface | Flags |
[   32.723639] cloud-init[956]: ci-info: +-------+-------------+----------+---------------+-----------+-------+
[[0;32m  OK  [0m] Started ACPI Events Check.
[   32.724429] cloud-init[956]: ci-info: |   0   |   0.0.0.0   | 10.0.2.2 |    0.0.0.0    |   enp0s3  |   UG  |
[[0;32m  OK  [0m] Reached target Paths.
[[0;32m  OK  [0m] Started Daily Cleanup of Temporary Directories.[   32.762066] cloud-init[956]: ci-info: |   1   |   10.0.2.0  | 0.0.0.0  | 255.255.255.0 |   enp0s3  |   U   |

[   32.799099] cloud-init[956]: ci-info: +-------+-------------+----------+---------------+-----------+-------+
[   32.837540] cloud-init[956]: ci-info: +++++++++++++++++++Route IPv6 info+++++++++++++++++++
[   32.863607] cloud-init[956]: ci-info: +-------+-------------+---------+-----------+-------+
[   32.908964] cloud-init[956]: ci-info: | Route | Destination | Gateway | Interface | Flags |
[[0;32m  OK  [0m] Started Daily apt download activities.
[   32.909424] cloud-init[956]: ci-info: +-------+-------------+---------+-----------+-------+
[   32.967558] cloud-init[956]: ci-info: |   0   |  fe80::/64  |    ::   |   enp0s3  |   U   |
[   32.968197] cloud-init[956]: ci-info: |   4   |   ff00::/8  |    ::   |   enp0s3  |   U   |
[   32.968828] cloud-init[956]: ci-info: +-------+-------------+---------+-----------+-------+
[[0;32m  OK  [0m] Listening on D-Bus System Message Bus Socket.
[[0;32m  OK  [0m] Listening on UUID daemon activation socket.
[[0;32m  OK  [0m] Listening on ACPID Listen Socket.
         Starting Socket activation for snappy daemon.
[[0;32m  OK  [0m] Started Daily apt upgrade and clean activities.
         Starting LXD - unix socket.
[[0;32m  OK  [0m] Reached target Timers.
[[0;32m  OK  [0m] Listening on Socket activation for snappy daemon.
[[0;32m  OK  [0m] Listening on LXD - unix socket.
[[0;32m  OK  [0m] Started iSCSI initiator daemon (iscsid).
         Starting Login to default iSCSI targets...
[[0;32m  OK  [0m] Reached target Sockets.
[[0;32m  OK  [0m] Reached target Basic System.
         Starting Virtualbox guest utils...
[[0;32m  OK  [0m] Started ACPI event daemon.
         Starting LSB: MD monitoring daemon...
         Starting LSB: Record successful boot for GRUB...
         Starting Login Service...
[[0;32m  OK  [0m] Started D-Bus System Message Bus.
         Starting Accounts Service...
         Starting OpenBSD Secure Shell server...
         Starting LXD - container startup/shutdown...
         Starting System Logging Service...
         Starting Snappy daemon...
[[0;32m  OK  [0m] Started Deferred execution scheduler.
         Starting /etc/rc.local Compatibility...
[[0;32m  OK  [0m] Started FUSE filesystem for LXC.
[[0;32m  OK  [0m] Started Unattended Upgrades Shutdown.
[[0;32m  OK  [0m] Started Regular background program processing daemon.
[[0;32m  OK  [0m] Started /etc/rc.local Compatibility.
[[0;32m  OK  [0m] Started System Logging Service.
[[0;32m  OK  [0m] Started OpenBSD Secure Shell server.
[[0;32m  OK  [0m] Started LSB: Record successful boot for GRUB.
[[0;32m  OK  [0m] Started Login to default iSCSI targets.
[[0;32m  OK  [0m] Started Login Service.
[[0;32m  OK  [0m] Reached target Remote File Systems (Pre).
[[0;32m  OK  [0m] Reached target Remote File Systems.
         Starting LSB: Set the CPU Frequency Scaling governor to "ondemand"...
         Starting Permit User Sessions...
         Starting LSB: Apache2 web server...
         Starting LSB: daemon to balance interrupts for SMP systems...
         Starting LSB: automatic crash report generation...
         Starting Authenticate and Authorize Users to Run Privileged Tasks...
[[0;32m  OK  [0m] Started LSB: MD monitoring daemon.
[[0;32m  OK  [0m] Started Permit User Sessions.
[[0;32m  OK  [0m] Started Virtualbox guest utils.
         Starting Terminate Plymouth Boot Screen...
         Starting Hold until boot process finishes up...
[[0;32m  OK  [0m] Started LSB: Set the CPU Frequency Scaling governor to "ondemand".
[[0;32m  OK  [0m] Started Terminate Plymouth Boot Screen.
[[0;32m  OK  [0m] Started Hold until boot process finishes up.
[[0;32m  OK  [0m] Started Authenticate and Authorize Users to Run Privileged Tasks.
[[0;32m  OK  [0m] Started Accounts Service.
[[0;32m  OK  [0m] Created slice User Slice of vagrant.
         Starting User Manager for UID 1000...
[[0;32m  OK  [0m] Started Serial Getty on ttyS0.
         Starting Set console scheme...
[[0;32m  OK  [0m] Started Getty on tty1.
[[0;32m  OK  [0m] Reached target Login Prompts.
[[0;32m  OK  [0m] Started LXD - container startup/shutdown.
[[0;32m  OK  [0m] Started LSB: daemon to balance interrupts for SMP systems.
[[0;32m  OK  [0m] Started LSB: automatic crash report generation.
[[0;32m  OK  [0m] Started Set console scheme.
[[0;32m  OK  [0m] Started User Manager for UID 1000.
[[0;32m  OK  [0m] Started Session 1 of user vagrant.
[[0;32m  OK  [0m] Started Snappy daemon.
         Starting Wait until snapd is fully seeded...
[[0;32m  OK  [0m] Started Wait until snapd is fully seeded.
         Starting Apply the settings specified in cloud-config...
[[0;32m  OK  [0m] Started LSB: Apache2 web server.
[[0;32m  OK  [0m] Reached target Multi-User System.
[[0;32m  OK  [0m] Reached target Graphical Interface.
         Starting Update UTMP about System Runlevel Changes...
[[0;32m  OK  [0m] Started Update UTMP about System Runlevel Changes.
[   43.627258] cloud-init[1265]: Cloud-init v. 18.3-9-g2e62cb8a-0ubuntu1~16.04.2 running 'modules:config' at Tue, 30 Oct 2018 00:28:43 +0000. Up 43.05 seconds.
[[0;32m  OK  [0m] Started Apply the settings specified in cloud-config.
         Starting Execute cloud user/final scripts...

Ubuntu 16.04.5 LTS ubuntu-xenial ttyS0

ubuntu-xenial login: [   46.387459] cloud-init[1391]: Cloud-init v. 18.3-9-g2e62cb8a-0ubuntu1~16.04.2 running 'modules:final' at Tue, 30 Oct 2018 00:28:46 +0000. Up 45.52 seconds.
[   46.390695] cloud-init[1391]: Cloud-init v. 18.3-9-g2e62cb8a-0ubuntu1~16.04.2 finished at Tue, 30 Oct 2018 00:28:46 +0000. Datasource DataSourceNoCloud [seed=/dev/sdb][dsmode=net].  Up 46.33 seconds
